<?xml version="1.0" encoding="UTF-8"?>
<testng-results skipped="0" failed="0" ignored="0" total="6" passed="6">
  <reporter-output>
  </reporter-output>
  <suite name="Suite" duration-ms="49" started-at="2021-09-22T08:40:51Z" finished-at="2021-09-22T08:40:51Z">
    <groups>
    </groups>
    <test name="Test" duration-ms="49" started-at="2021-09-22T08:40:51Z" finished-at="2021-09-22T08:40:51Z">
      <class name="com.crm.contact.test.ContactTest">
        <test-method status="PASS" signature="CreateContactTest()[pri:0, instance:com.crm.contact.test.ContactTest@6ac13091]" name="CreateContactTest" duration-ms="3" started-at="2021-09-22T08:40:51Z" finished-at="2021-09-22T08:40:51Z">
          <reporter-output>
          </reporter-output>
        </test-method> <!-- CreateContactTest -->
        <test-method status="PASS" signature="createContactWithOrgTest()[pri:0, instance:com.crm.contact.test.ContactTest@6ac13091]" name="createContactWithOrgTest" duration-ms="1" started-at="2021-09-22T08:40:51Z" finished-at="2021-09-22T08:40:51Z">
          <reporter-output>
          </reporter-output>
        </test-method> <!-- createContactWithOrgTest -->
        <test-method status="PASS" signature="deleteContactTest()[pri:0, instance:com.crm.contact.test.ContactTest@6ac13091]" name="deleteContactTest" duration-ms="2" started-at="2021-09-22T08:40:51Z" finished-at="2021-09-22T08:40:51Z">
          <reporter-output>
          </reporter-output>
        </test-method> <!-- deleteContactTest -->
      </class> <!-- com.crm.contact.test.ContactTest -->
      <class name="com.comcast.orgtest.OrgTest">
        <test-method status="PASS" signature="CreateOrganizationTest()[pri:0, instance:com.comcast.orgtest.OrgTest@48fa0f47]" name="CreateOrganizationTest" duration-ms="9" started-at="2021-09-22T08:40:51Z" finished-at="2021-09-22T08:40:51Z">
          <reporter-output>
          </reporter-output>
        </test-method> <!-- CreateOrganizationTest -->
        <test-method status="PASS" signature="createOrganizationWithIndustryTest()[pri:0, instance:com.comcast.orgtest.OrgTest@48fa0f47]" name="createOrganizationWithIndustryTest" duration-ms="2" started-at="2021-09-22T08:40:51Z" finished-at="2021-09-22T08:40:51Z">
          <reporter-output>
          </reporter-output>
        </test-method> <!-- createOrganizationWithIndustryTest -->
        <test-method status="PASS" signature="deleteOrganizationTest()[pri:0, instance:com.comcast.orgtest.OrgTest@48fa0f47]" name="deleteOrganizationTest" duration-ms="1" started-at="2021-09-22T08:40:51Z" finished-at="2021-09-22T08:40:51Z">
          <reporter-output>
          </reporter-output>
        </test-method> <!-- deleteOrganizationTest -->
      </class> <!-- com.comcast.orgtest.OrgTest -->
    </test> <!-- Test -->
  </suite> <!-- Suite -->
</testng-results>
