<?xml version="1.0" encoding="UTF-8"?>
<!-- Generated by org.testng.reporters.JUnitXMLReporter -->
<testsuite hostname="LAPTOP-JSKPDR2E" ignored="1" name="Test" tests="3" failures="3" timestamp="2021-09-17T17:26:01 IST" time="0.548" errors="0">
  <testcase name="createOrganizationTest" time="0.434" classname="com.crm.autodesk.OrganizationTest.TC_02_CreateOrganizationWithIndustryDropDrownOptionTest">
    <failure type="java.lang.NullPointerException">
      <![CDATA[java.lang.NullPointerException
at org.openqa.selenium.support.pagefactory.DefaultElementLocator.findElement(DefaultElementLocator.java:69)
at org.openqa.selenium.support.pagefactory.internal.LocatingElementHandler.invoke(LocatingElementHandler.java:38)
at com.sun.proxy.$Proxy13.click(Unknown Source)
at com.crm.autodesk.elementRepository.HomePage.clickOnOrganizations(HomePage.java:85)
at com.crm.autodesk.OrganizationTest.TC_02_CreateOrganizationWithIndustryDropDrownOptionTest.createOrganizationTest(TC_02_CreateOrganizationWithIndustryDropDrownOptionTest.java:35)
at java.util.ArrayList.forEach(Unknown Source)
... Removed 27 stack frames]]>
    </failure>
  </testcase> <!-- createOrganizationTest -->
  <testcase name="createOrganizationTest" time="0.04" classname="com.crm.autodesk.OrganizationTest.TC_01_CreateOrganizationTest">
    <failure type="java.lang.NullPointerException">
      <![CDATA[java.lang.NullPointerException
at org.openqa.selenium.support.pagefactory.DefaultElementLocator.findElement(DefaultElementLocator.java:69)
at org.openqa.selenium.support.pagefactory.internal.LocatingElementHandler.invoke(LocatingElementHandler.java:38)
at com.sun.proxy.$Proxy13.click(Unknown Source)
at com.crm.autodesk.elementRepository.HomePage.clickOnOrganizations(HomePage.java:85)
at com.crm.autodesk.OrganizationTest.TC_01_CreateOrganizationTest.createOrganizationTest(TC_01_CreateOrganizationTest.java:26)
at java.util.ArrayList.forEach(Unknown Source)
... Removed 27 stack frames]]>
    </failure>
  </testcase> <!-- createOrganizationTest -->
  <testcase name="createOrganizationWithTypeDropDownTest" time="0.03" classname="com.crm.autodesk.OrganizationTest.TC_04_CreateOrganizationWithTypeDropDownTest">
    <failure type="java.lang.NullPointerException">
      <![CDATA[java.lang.NullPointerException
at org.openqa.selenium.support.pagefactory.DefaultElementLocator.findElement(DefaultElementLocator.java:69)
at org.openqa.selenium.support.pagefactory.internal.LocatingElementHandler.invoke(LocatingElementHandler.java:38)
at com.sun.proxy.$Proxy13.click(Unknown Source)
at com.crm.autodesk.elementRepository.HomePage.clickOnOrganizations(HomePage.java:85)
at com.crm.autodesk.OrganizationTest.TC_04_CreateOrganizationWithTypeDropDownTest.createOrganizationWithTypeDropDownTest(TC_04_CreateOrganizationWithTypeDropDownTest.java:34)
at java.util.ArrayList.forEach(Unknown Source)
... Removed 27 stack frames]]>
    </failure>
  </testcase> <!-- createOrganizationWithTypeDropDownTest -->
  <testcase name="createOrganizationWithTypeTest" time="0.0" classname="com.crm.autodesk.OrganizationTest.TC_05_CreateOrganizationWithTypeTest">
    <ignored/>
  </testcase> <!-- createOrganizationWithTypeTest -->
</testsuite> <!-- Test -->
