<?xml version="1.0" encoding="UTF-8"?>
<!-- Generated by org.testng.reporters.JUnitXMLReporter -->
<testsuite hostname="LAPTOP-JSKPDR2E" ignored="2" name="Test" tests="0" failures="0" timestamp="2021-09-21T17:42:35 IST" time="0.887" errors="0">
  <testcase name="createOrganizationWithIndustryTest" time="0.0" classname="com.crm.autodesk.OrganizationTest.TC_03_CreateOrganizationWithIndustryTest">
    <ignored/>
  </testcase> <!-- createOrganizationWithIndustryTest -->
  <testcase name="createOrganizationWithTypeTest" time="0.0" classname="com.crm.autodesk.OrganizationTest.TC_05_CreateOrganizationWithTypeTest">
    <ignored/>
  </testcase> <!-- createOrganizationWithTypeTest -->
</testsuite> <!-- Test -->
