<?xml version="1.0" encoding="UTF-8"?>
<!-- Generated by org.testng.reporters.JUnitXMLReporter -->
<testsuite hostname="LAPTOP-JSKPDR2E" ignored="8" name="Test" tests="5" failures="1" timestamp="2021-09-17T17:19:03 IST" time="122.048" errors="0">
  <testcase name="createOrganizationWithIndustryTest" time="17.188" classname="com.crm.autodesk.OrganizationTest.TC_03_CreateOrganizationWithIndustryTest">
    <failure type="java.lang.AssertionError" message="expected [true] but found [false]">
      <![CDATA[java.lang.AssertionError: expected [true] but found [false]
at com.crm.autodesk.OrganizationTest.TC_03_CreateOrganizationWithIndustryTest.createOrganizationWithIndustryTest(TC_03_CreateOrganizationWithIndustryTest.java:50)
at java.util.ArrayList.forEach(Unknown Source)
... Removed 33 stack frames]]>
    </failure>
  </testcase> <!-- createOrganizationWithIndustryTest -->
  <testcase name="createOrganizationWithTypeTest" time="17.484" classname="com.crm.autodesk.OrganizationTest.TC_05_CreateOrganizationWithTypeTest"/>
  <testcase name="createOrganizationTest" time="9.819" classname="com.crm.autodesk.OrganizationTest.TC_02_CreateOrganizationWithIndustryDropDrownOptionTest"/>
  <testcase name="createOrganizationTest" time="15.42" classname="com.crm.autodesk.OrganizationTest.TC_01_CreateOrganizationTest"/>
  <testcase name="createOrganizationWithTypeDropDownTest" time="10.11" classname="com.crm.autodesk.OrganizationTest.TC_04_CreateOrganizationWithTypeDropDownTest"/>
  <testcase name="@AfterSuite closeDB" time="0.0" classname="com.crm.autodesk.GenericUtilities.BaseClass">
    <ignored/>
  </testcase> <!-- @AfterSuite closeDB -->
  <testcase name="@AfterSuite closeDB" time="0.0" classname="com.crm.autodesk.GenericUtilities.BaseClass">
    <ignored/>
  </testcase> <!-- @AfterSuite closeDB -->
  <testcase name="@AfterSuite closeDB" time="0.0" classname="com.crm.autodesk.GenericUtilities.BaseClass">
    <ignored/>
  </testcase> <!-- @AfterSuite closeDB -->
  <testcase name="@AfterSuite closeDB" time="0.0" classname="com.crm.autodesk.GenericUtilities.BaseClass">
    <ignored/>
  </testcase> <!-- @AfterSuite closeDB -->
  <testcase name="@BeforeSuite connectDB" time="0.0" classname="com.crm.autodesk.GenericUtilities.BaseClass">
    <ignored/>
  </testcase> <!-- @BeforeSuite connectDB -->
  <testcase name="@BeforeSuite connectDB" time="0.0" classname="com.crm.autodesk.GenericUtilities.BaseClass">
    <ignored/>
  </testcase> <!-- @BeforeSuite connectDB -->
  <testcase name="@BeforeSuite connectDB" time="0.0" classname="com.crm.autodesk.GenericUtilities.BaseClass">
    <ignored/>
  </testcase> <!-- @BeforeSuite connectDB -->
  <testcase name="@BeforeSuite connectDB" time="0.0" classname="com.crm.autodesk.GenericUtilities.BaseClass">
    <ignored/>
  </testcase> <!-- @BeforeSuite connectDB -->
</testsuite> <!-- Test -->
