<?xml version="1.0" encoding="UTF-8"?>
<!-- Generated by org.testng.reporters.JUnitXMLReporter -->
<testsuite hostname="LAPTOP-JSKPDR2E" ignored="0" name="Test" tests="6" failures="0" timestamp="22 Sep 2021 08:40:51 GMT" time="0.049" errors="0">
  <testcase name="CreateOrganizationTest" time="0.009" classname="com.comcast.orgtest.OrgTest"/>
  <testcase name="createOrganizationWithIndustryTest" time="0.002" classname="com.comcast.orgtest.OrgTest"/>
  <testcase name="deleteOrganizationTest" time="0.001" classname="com.comcast.orgtest.OrgTest"/>
  <testcase name="CreateContactTest" time="0.003" classname="com.crm.contact.test.ContactTest"/>
  <testcase name="createContactWithOrgTest" time="0.001" classname="com.crm.contact.test.ContactTest"/>
  <testcase name="deleteContactTest" time="0.002" classname="com.crm.contact.test.ContactTest"/>
</testsuite> <!-- Test -->
